<?xml version="1.0" encoding="UTF-8"?>
<testng-results skipped="0" failed="1" ignored="0" total="2" passed="1">
  <reporter-output>
  </reporter-output>
  <suite name="SmokeTest" duration-ms="56609" started-at="2019-06-06T09:06:44Z" finished-at="2019-06-06T09:07:40Z">
    <groups>
    </groups>
    <test name="LoginPageTest" duration-ms="56609" started-at="2019-06-06T09:06:44Z" finished-at="2019-06-06T09:07:40Z">
      <class name="com.testcases.LoginPageTest">
        <test-method status="PASS" signature="setup()[pri:0, instance:com.testcases.LoginPageTest@2758fe70]" name="setup" is-config="true" duration-ms="26872" started-at="2019-06-06T09:06:44Z" finished-at="2019-06-06T09:07:11Z">
          <reporter-output>
          </reporter-output>
        </test-method> <!-- setup -->
        <test-method status="FAIL" signature="verifyLoginPageTitle()[pri:1, instance:com.testcases.LoginPageTest@2758fe70]" name="verifyLoginPageTitle" duration-ms="54" started-at="2019-06-06T09:07:11Z" finished-at="2019-06-06T09:07:11Z">
          <exception class="java.lang.AssertionError">
            <message>
              <![CDATA[Login Page Title Not Verified expected [My Account � Automation Practice Site] but found [My Account – Automation Practice Site]]]>
            </message>
            <full-stacktrace>
              <![CDATA[java.lang.AssertionError: Login Page Title Not Verified expected [My Account � Automation Practice Site] but found [My Account – Automation Practice Site]
at org.testng.Assert.fail(Assert.java:96)
at org.testng.Assert.failNotEquals(Assert.java:776)
at org.testng.Assert.assertEqualsImpl(Assert.java:137)
at org.testng.Assert.assertEquals(Assert.java:118)
at org.testng.Assert.assertEquals(Assert.java:453)
at com.testcases.LoginPageTest.verifyLoginPageTitle(LoginPageTest.java:53)
at sun.reflect.NativeMethodAccessorImpl.invoke0(Native Method)
at sun.reflect.NativeMethodAccessorImpl.invoke(Unknown Source)
at sun.reflect.DelegatingMethodAccessorImpl.invoke(Unknown Source)
at java.lang.reflect.Method.invoke(Unknown Source)
at org.testng.internal.MethodInvocationHelper.invokeMethod(MethodInvocationHelper.java:124)
at org.testng.internal.Invoker.invokeMethod(Invoker.java:580)
at org.testng.internal.Invoker.invokeTestMethod(Invoker.java:716)
at org.testng.internal.Invoker.invokeTestMethods(Invoker.java:988)
at org.testng.internal.TestMethodWorker.invokeTestMethods(TestMethodWorker.java:125)
at org.testng.internal.TestMethodWorker.run(TestMethodWorker.java:109)
at org.testng.TestRunner.privateRun(TestRunner.java:648)
at org.testng.TestRunner.run(TestRunner.java:505)
at org.testng.SuiteRunner.runTest(SuiteRunner.java:455)
at org.testng.SuiteRunner.runSequentially(SuiteRunner.java:450)
at org.testng.SuiteRunner.privateRun(SuiteRunner.java:415)
at org.testng.SuiteRunner.run(SuiteRunner.java:364)
at org.testng.SuiteRunnerWorker.runSuite(SuiteRunnerWorker.java:52)
at org.testng.SuiteRunnerWorker.run(SuiteRunnerWorker.java:84)
at org.testng.TestNG.runSuitesSequentially(TestNG.java:1208)
at org.testng.TestNG.runSuitesLocally(TestNG.java:1137)
at org.testng.TestNG.runSuites(TestNG.java:1049)
at org.testng.TestNG.run(TestNG.java:1017)
at org.testng.remote.AbstractRemoteTestNG.run(AbstractRemoteTestNG.java:114)
at org.testng.remote.RemoteTestNG.initAndRun(RemoteTestNG.java:251)
at org.testng.remote.RemoteTestNG.main(RemoteTestNG.java:77)
]]>
            </full-stacktrace>
          </exception> <!-- java.lang.AssertionError -->
          <reporter-output>
          </reporter-output>
        </test-method> <!-- verifyLoginPageTitle -->
        <test-method status="PASS" signature="tearDown()[pri:0, instance:com.testcases.LoginPageTest@2758fe70]" name="tearDown" is-config="true" duration-ms="220" started-at="2019-06-06T09:07:11Z" finished-at="2019-06-06T09:07:11Z">
          <reporter-output>
          </reporter-output>
        </test-method> <!-- tearDown -->
        <test-method status="PASS" signature="setup()[pri:0, instance:com.testcases.LoginPageTest@2758fe70]" name="setup" is-config="true" duration-ms="20914" started-at="2019-06-06T09:07:11Z" finished-at="2019-06-06T09:07:32Z">
          <reporter-output>
          </reporter-output>
        </test-method> <!-- setup -->
        <test-method status="PASS" signature="verifyLoginPageLogin()[pri:2, instance:com.testcases.LoginPageTest@2758fe70]" name="verifyLoginPageLogin" duration-ms="6178" started-at="2019-06-06T09:07:32Z" finished-at="2019-06-06T09:07:38Z">
          <reporter-output>
          </reporter-output>
        </test-method> <!-- verifyLoginPageLogin -->
        <test-method status="PASS" signature="tearDown()[pri:0, instance:com.testcases.LoginPageTest@2758fe70]" name="tearDown" is-config="true" duration-ms="2317" started-at="2019-06-06T09:07:38Z" finished-at="2019-06-06T09:07:40Z">
          <reporter-output>
          </reporter-output>
        </test-method> <!-- tearDown -->
      </class> <!-- com.testcases.LoginPageTest -->
    </test> <!-- LoginPageTest -->
  </suite> <!-- SmokeTest -->
</testng-results>
